Analysis & Synthesis report for 305game
Mon May 07 16:25:49 2018
Quartus II 64-Bit Version 13.0.0 Build 156 04/24/2013 SJ Full Version


---------------------
; Table of Contents ;
---------------------
  1. Legal Notice
  2. Analysis & Synthesis Summary
  3. Analysis & Synthesis Settings
  4. Parallel Compilation
  5. Analysis & Synthesis Source Files Read
  6. Analysis & Synthesis Resource Usage Summary
  7. Analysis & Synthesis Resource Utilization by Entity
  8. Analysis & Synthesis RAM Summary
  9. State Machine - |305game|MOUSE:inst5|mouse_state
 10. Registers Removed During Synthesis
 11. Removed Registers Triggering Further Register Optimizations
 12. General Register Statistics
 13. Inverted Register Statistics
 14. Multiplexer Restructuring Statistics (Restructuring Performed)
 15. Source assignments for ball:inst|char_rom:CHAR|altsyncram:altsyncram_component|altsyncram_kt91:auto_generated
 16. Parameter Settings for User Entity Instance: ball:inst
 17. Parameter Settings for User Entity Instance: ball:inst|char_rom:CHAR|altsyncram:altsyncram_component
 18. Parameter Settings for User Entity Instance: clk_divider:inst4
 19. altsyncram Parameter Settings by Entity Instance
 20. Port Connectivity Checks: "ball:inst|platform:P_form"
 21. Elapsed Time Per Partition
 22. Analysis & Synthesis Messages



----------------
; Legal Notice ;
----------------
Copyright (C) 1991-2013 Altera Corporation
Your use of Altera Corporation's design tools, logic functions 
and other software and tools, and its AMPP partner logic 
functions, and any output files from any of the foregoing 
(including device programming or simulation files), and any 
associated documentation or information are expressly subject 
to the terms and conditions of the Altera Program License 
Subscription Agreement, Altera MegaCore Function License 
Agreement, or other applicable license agreement, including, 
without limitation, that your use is for the sole purpose of 
programming logic devices manufactured by Altera and sold by 
Altera or its authorized distributors.  Please refer to the 
applicable agreement for further details.



+----------------------------------------------------------------------------------+
; Analysis & Synthesis Summary                                                     ;
+------------------------------------+---------------------------------------------+
; Analysis & Synthesis Status        ; Successful - Mon May 07 16:25:49 2018       ;
; Quartus II 64-Bit Version          ; 13.0.0 Build 156 04/24/2013 SJ Full Version ;
; Revision Name                      ; 305game                                     ;
; Top-level Entity Name              ; 305game                                     ;
; Family                             ; Cyclone III                                 ;
; Total logic elements               ; 391                                         ;
;     Total combinational functions  ; 338                                         ;
;     Dedicated logic registers      ; 156                                         ;
; Total registers                    ; 156                                         ;
; Total pins                         ; 25                                          ;
; Total virtual pins                 ; 0                                           ;
; Total memory bits                  ; 4,096                                       ;
; Embedded Multiplier 9-bit elements ; 0                                           ;
; Total PLLs                         ; 0                                           ;
+------------------------------------+---------------------------------------------+


+----------------------------------------------------------------------------------------------------------------------+
; Analysis & Synthesis Settings                                                                                        ;
+----------------------------------------------------------------------------+--------------------+--------------------+
; Option                                                                     ; Setting            ; Default Value      ;
+----------------------------------------------------------------------------+--------------------+--------------------+
; Device                                                                     ; EP3C16F484C8       ;                    ;
; Top-level entity name                                                      ; 305game            ; 305game            ;
; Family name                                                                ; Cyclone III        ; Cyclone V          ;
; Use smart compilation                                                      ; Off                ; Off                ;
; Enable parallel Assembler and TimeQuest Timing Analyzer during compilation ; On                 ; On                 ;
; Enable compact report table                                                ; Off                ; Off                ;
; Restructure Multiplexers                                                   ; Auto               ; Auto               ;
; Create Debugging Nodes for IP Cores                                        ; Off                ; Off                ;
; Preserve fewer node names                                                  ; On                 ; On                 ;
; Disable OpenCore Plus hardware evaluation                                  ; Off                ; Off                ;
; Verilog Version                                                            ; Verilog_2001       ; Verilog_2001       ;
; VHDL Version                                                               ; VHDL_1993          ; VHDL_1993          ;
; State Machine Processing                                                   ; Auto               ; Auto               ;
; Safe State Machine                                                         ; Off                ; Off                ;
; Extract Verilog State Machines                                             ; On                 ; On                 ;
; Extract VHDL State Machines                                                ; On                 ; On                 ;
; Ignore Verilog initial constructs                                          ; Off                ; Off                ;
; Iteration limit for constant Verilog loops                                 ; 5000               ; 5000               ;
; Iteration limit for non-constant Verilog loops                             ; 250                ; 250                ;
; Add Pass-Through Logic to Inferred RAMs                                    ; On                 ; On                 ;
; Infer RAMs from Raw Logic                                                  ; On                 ; On                 ;
; Parallel Synthesis                                                         ; On                 ; On                 ;
; DSP Block Balancing                                                        ; Auto               ; Auto               ;
; NOT Gate Push-Back                                                         ; On                 ; On                 ;
; Power-Up Don't Care                                                        ; On                 ; On                 ;
; Remove Redundant Logic Cells                                               ; Off                ; Off                ;
; Remove Duplicate Registers                                                 ; On                 ; On                 ;
; Ignore CARRY Buffers                                                       ; Off                ; Off                ;
; Ignore CASCADE Buffers                                                     ; Off                ; Off                ;
; Ignore GLOBAL Buffers                                                      ; Off                ; Off                ;
; Ignore ROW GLOBAL Buffers                                                  ; Off                ; Off                ;
; Ignore LCELL Buffers                                                       ; Off                ; Off                ;
; Ignore SOFT Buffers                                                        ; On                 ; On                 ;
; Limit AHDL Integers to 32 Bits                                             ; Off                ; Off                ;
; Optimization Technique                                                     ; Balanced           ; Balanced           ;
; Carry Chain Length                                                         ; 70                 ; 70                 ;
; Auto Carry Chains                                                          ; On                 ; On                 ;
; Auto Open-Drain Pins                                                       ; On                 ; On                 ;
; Perform WYSIWYG Primitive Resynthesis                                      ; Off                ; Off                ;
; Auto ROM Replacement                                                       ; On                 ; On                 ;
; Auto RAM Replacement                                                       ; On                 ; On                 ;
; Auto DSP Block Replacement                                                 ; On                 ; On                 ;
; Auto Shift Register Replacement                                            ; Auto               ; Auto               ;
; Allow Shift Register Merging across Hierarchies                            ; Auto               ; Auto               ;
; Auto Clock Enable Replacement                                              ; On                 ; On                 ;
; Strict RAM Replacement                                                     ; Off                ; Off                ;
; Allow Synchronous Control Signals                                          ; On                 ; On                 ;
; Force Use of Synchronous Clear Signals                                     ; Off                ; Off                ;
; Auto RAM Block Balancing                                                   ; On                 ; On                 ;
; Auto RAM to Logic Cell Conversion                                          ; Off                ; Off                ;
; Auto Resource Sharing                                                      ; Off                ; Off                ;
; Allow Any RAM Size For Recognition                                         ; Off                ; Off                ;
; Allow Any ROM Size For Recognition                                         ; Off                ; Off                ;
; Allow Any Shift Register Size For Recognition                              ; Off                ; Off                ;
; Use LogicLock Constraints during Resource Balancing                        ; On                 ; On                 ;
; Ignore translate_off and synthesis_off directives                          ; Off                ; Off                ;
; Timing-Driven Synthesis                                                    ; On                 ; On                 ;
; Report Parameter Settings                                                  ; On                 ; On                 ;
; Report Source Assignments                                                  ; On                 ; On                 ;
; Report Connectivity Checks                                                 ; On                 ; On                 ;
; Ignore Maximum Fan-Out Assignments                                         ; Off                ; Off                ;
; Synchronization Register Chain Length                                      ; 2                  ; 2                  ;
; PowerPlay Power Optimization                                               ; Normal compilation ; Normal compilation ;
; HDL message level                                                          ; Level2             ; Level2             ;
; Suppress Register Optimization Related Messages                            ; Off                ; Off                ;
; Number of Removed Registers Reported in Synthesis Report                   ; 5000               ; 5000               ;
; Number of Swept Nodes Reported in Synthesis Report                         ; 5000               ; 5000               ;
; Number of Inverted Registers Reported in Synthesis Report                  ; 100                ; 100                ;
; Clock MUX Protection                                                       ; On                 ; On                 ;
; Auto Gated Clock Conversion                                                ; Off                ; Off                ;
; Block Design Naming                                                        ; Auto               ; Auto               ;
; SDC constraint protection                                                  ; Off                ; Off                ;
; Synthesis Effort                                                           ; Auto               ; Auto               ;
; Shift Register Replacement - Allow Asynchronous Clear Signal               ; On                 ; On                 ;
; Pre-Mapping Resynthesis Optimization                                       ; Off                ; Off                ;
; Analysis & Synthesis Message Level                                         ; Medium             ; Medium             ;
; Disable Register Merging Across Hierarchies                                ; Auto               ; Auto               ;
; Resource Aware Inference For Block RAM                                     ; On                 ; On                 ;
; Synthesis Seed                                                             ; 1                  ; 1                  ;
+----------------------------------------------------------------------------+--------------------+--------------------+


+------------------------------------------+
; Parallel Compilation                     ;
+----------------------------+-------------+
; Processors                 ; Number      ;
+----------------------------+-------------+
; Number detected on machine ; 4           ;
; Maximum allowed            ; 4           ;
;                            ;             ;
; Average used               ; 1.00        ;
; Maximum used               ; 2           ;
;                            ;             ;
; Usage by Processor         ; % Time Used ;
;     Processor 1            ; 100.0%      ;
;     Processor 2            ; < 0.1%      ;
;     Processors 3-4         ;   0.0%      ;
+----------------------------+-------------+


+------------------------------------------------------------------------------------------------------------------------------------------------------------------------------+
; Analysis & Synthesis Source Files Read                                                                                                                                       ;
+----------------------------------+-----------------+----------------------------------------+----------------------------------------------------------------------+---------+
; File Name with User-Entered Path ; Used in Netlist ; File Type                              ; File Name with Absolute Path                                         ; Library ;
+----------------------------------+-----------------+----------------------------------------+----------------------------------------------------------------------+---------+
; mouse.VHD                        ; yes             ; User VHDL File                         ; D:/lcho484/305Project/305Project/mouse.VHD                           ;         ;
; vga_sync.vhd                     ; yes             ; User VHDL File                         ; D:/lcho484/305Project/305Project/vga_sync.vhd                        ;         ;
; seven_seg.vhd                    ; yes             ; User VHDL File                         ; D:/lcho484/305Project/305Project/seven_seg.vhd                       ;         ;
; 305game.bdf                      ; yes             ; User Block Diagram/Schematic File      ; D:/lcho484/305Project/305Project/305game.bdf                         ;         ;
; clk_divider.vhd                  ; yes             ; User VHDL File                         ; D:/lcho484/305Project/305Project/clk_divider.vhd                     ;         ;
; char_rom.vhd                     ; yes             ; User VHDL File                         ; D:/lcho484/305Project/305Project/char_rom.vhd                        ;         ;
; ball.vhd                         ; yes             ; User VHDL File                         ; D:/lcho484/305Project/305Project/ball.vhd                            ;         ;
; platform.vhd                     ; yes             ; User VHDL File                         ; D:/lcho484/305Project/305Project/platform.vhd                        ;         ;
; seven_seg_splitter.vhd           ; yes             ; User VHDL File                         ; D:/lcho484/305Project/305Project/seven_seg_splitter.vhd              ;         ;
; altsyncram.tdf                   ; yes             ; Megafunction                           ; c:/altera/13.0/quartus/libraries/megafunctions/altsyncram.tdf        ;         ;
; stratix_ram_block.inc            ; yes             ; Megafunction                           ; c:/altera/13.0/quartus/libraries/megafunctions/stratix_ram_block.inc ;         ;
; lpm_mux.inc                      ; yes             ; Megafunction                           ; c:/altera/13.0/quartus/libraries/megafunctions/lpm_mux.inc           ;         ;
; lpm_decode.inc                   ; yes             ; Megafunction                           ; c:/altera/13.0/quartus/libraries/megafunctions/lpm_decode.inc        ;         ;
; aglobal130.inc                   ; yes             ; Megafunction                           ; c:/altera/13.0/quartus/libraries/megafunctions/aglobal130.inc        ;         ;
; a_rdenreg.inc                    ; yes             ; Megafunction                           ; c:/altera/13.0/quartus/libraries/megafunctions/a_rdenreg.inc         ;         ;
; altrom.inc                       ; yes             ; Megafunction                           ; c:/altera/13.0/quartus/libraries/megafunctions/altrom.inc            ;         ;
; altram.inc                       ; yes             ; Megafunction                           ; c:/altera/13.0/quartus/libraries/megafunctions/altram.inc            ;         ;
; altdpram.inc                     ; yes             ; Megafunction                           ; c:/altera/13.0/quartus/libraries/megafunctions/altdpram.inc          ;         ;
; db/altsyncram_kt91.tdf           ; yes             ; Auto-Generated Megafunction            ; D:/lcho484/305Project/305Project/db/altsyncram_kt91.tdf              ;         ;
; tcgrom.mif                       ; yes             ; Auto-Found Memory Initialization File  ; D:/lcho484/305Project/305Project/tcgrom.mif                          ;         ;
+----------------------------------+-----------------+----------------------------------------+----------------------------------------------------------------------+---------+


+---------------------------------------------------------------------------------+
; Analysis & Synthesis Resource Usage Summary                                     ;
+---------------------------------------------+-----------------------------------+
; Resource                                    ; Usage                             ;
+---------------------------------------------+-----------------------------------+
; Estimated Total logic elements              ; 391                               ;
;                                             ;                                   ;
; Total combinational functions               ; 338                               ;
; Logic element usage by number of LUT inputs ;                                   ;
;     -- 4 input functions                    ; 103                               ;
;     -- 3 input functions                    ; 127                               ;
;     -- <=2 input functions                  ; 108                               ;
;                                             ;                                   ;
; Logic elements by mode                      ;                                   ;
;     -- normal mode                          ; 186                               ;
;     -- arithmetic mode                      ; 152                               ;
;                                             ;                                   ;
; Total registers                             ; 156                               ;
;     -- Dedicated logic registers            ; 156                               ;
;     -- I/O registers                        ; 0                                 ;
;                                             ;                                   ;
; I/O pins                                    ; 25                                ;
; Total memory bits                           ; 4096                              ;
; Embedded Multiplier 9-bit elements          ; 0                                 ;
; Maximum fan-out node                        ; clk_divider:inst4|clk_out_hz_temp ;
; Maximum fan-out                             ; 84                                ;
; Total fan-out                               ; 1572                              ;
; Average fan-out                             ; 2.84                              ;
+---------------------------------------------+-----------------------------------+


+---------------------------------------------------------------------------------------------------------------------------------------------------------------------------------------------------------------------------------------------------------------------------+
; Analysis & Synthesis Resource Utilization by Entity                                                                                                                                                                                                                       ;
+----------------------------------------------+-------------------+--------------+-------------+--------------+---------+-----------+------+--------------+-------------------------------------------------------------------------------------------------+--------------+
; Compilation Hierarchy Node                   ; LC Combinationals ; LC Registers ; Memory Bits ; DSP Elements ; DSP 9x9 ; DSP 18x18 ; Pins ; Virtual Pins ; Full Hierarchy Name                                                                             ; Library Name ;
+----------------------------------------------+-------------------+--------------+-------------+--------------+---------+-----------+------+--------------+-------------------------------------------------------------------------------------------------+--------------+
; |305game                                     ; 338 (1)           ; 156 (0)      ; 4096        ; 0            ; 0       ; 0         ; 25   ; 0            ; |305game                                                                                        ;              ;
;    |MOUSE:inst5|                             ; 82 (82)           ; 88 (88)      ; 0           ; 0            ; 0       ; 0         ; 0    ; 0            ; |305game|MOUSE:inst5                                                                            ;              ;
;    |ball:inst|                               ; 240 (171)         ; 67 (19)      ; 4096        ; 0            ; 0       ; 0         ; 0    ; 0            ; |305game|ball:inst                                                                              ;              ;
;       |VGA_SYNC:SYNC|                        ; 67 (67)           ; 48 (48)      ; 0           ; 0            ; 0       ; 0         ; 0    ; 0            ; |305game|ball:inst|VGA_SYNC:SYNC                                                                ;              ;
;       |char_rom:CHAR|                        ; 2 (2)             ; 0 (0)        ; 4096        ; 0            ; 0       ; 0         ; 0    ; 0            ; |305game|ball:inst|char_rom:CHAR                                                                ;              ;
;          |altsyncram:altsyncram_component|   ; 0 (0)             ; 0 (0)        ; 4096        ; 0            ; 0       ; 0         ; 0    ; 0            ; |305game|ball:inst|char_rom:CHAR|altsyncram:altsyncram_component                                ;              ;
;             |altsyncram_kt91:auto_generated| ; 0 (0)             ; 0 (0)        ; 4096        ; 0            ; 0       ; 0         ; 0    ; 0            ; |305game|ball:inst|char_rom:CHAR|altsyncram:altsyncram_component|altsyncram_kt91:auto_generated ;              ;
;    |clk_divider:inst4|                       ; 1 (1)             ; 1 (1)        ; 0           ; 0            ; 0       ; 0         ; 0    ; 0            ; |305game|clk_divider:inst4                                                                      ;              ;
;    |seven_seg:inst2|                         ; 7 (7)             ; 0 (0)        ; 0           ; 0            ; 0       ; 0         ; 0    ; 0            ; |305game|seven_seg:inst2                                                                        ;              ;
;    |seven_seg:inst3|                         ; 7 (7)             ; 0 (0)        ; 0           ; 0            ; 0       ; 0         ; 0    ; 0            ; |305game|seven_seg:inst3                                                                        ;              ;
+----------------------------------------------+-------------------+--------------+-------------+--------------+---------+-----------+------+--------------+-------------------------------------------------------------------------------------------------+--------------+
Note: For table entries with two numbers listed, the numbers in parentheses indicate the number of resources of the given type used by the specific entity alone. The numbers listed outside of parentheses indicate the total resources of the given type used by the specific entity and all of its sub-entities in the hierarchy.


+-------------------------------------------------------------------------------------------------------------------------------------------------------------------------------------------------+
; Analysis & Synthesis RAM Summary                                                                                                                                                                ;
+---------------------------------------------------------------------------------------------------+------+------+--------------+--------------+--------------+--------------+------+------------+
; Name                                                                                              ; Type ; Mode ; Port A Depth ; Port A Width ; Port B Depth ; Port B Width ; Size ; MIF        ;
+---------------------------------------------------------------------------------------------------+------+------+--------------+--------------+--------------+--------------+------+------------+
; ball:inst|char_rom:CHAR|altsyncram:altsyncram_component|altsyncram_kt91:auto_generated|ALTSYNCRAM ; AUTO ; ROM  ; 512          ; 8            ; --           ; --           ; 4096 ; tcgrom.mif ;
+---------------------------------------------------------------------------------------------------+------+------+--------------+--------------+--------------+--------------+------+------------+


Encoding Type:  One-Hot
+---------------------------------------------------------------------------------------------------------------------------------------------------------------------------------------------------------+
; State Machine - |305game|MOUSE:inst5|mouse_state                                                                                                                                                        ;
+-------------------------------+---------------------------+--------------------------+-------------------------------+---------------------------+--------------------------+---------------------------+
; Name                          ; mouse_state.INPUT_PACKETS ; mouse_state.WAIT_CMD_ACK ; mouse_state.WAIT_OUTPUT_READY ; mouse_state.LOAD_COMMAND2 ; mouse_state.LOAD_COMMAND ; mouse_state.INHIBIT_TRANS ;
+-------------------------------+---------------------------+--------------------------+-------------------------------+---------------------------+--------------------------+---------------------------+
; mouse_state.INHIBIT_TRANS     ; 0                         ; 0                        ; 0                             ; 0                         ; 0                        ; 0                         ;
; mouse_state.LOAD_COMMAND      ; 0                         ; 0                        ; 0                             ; 0                         ; 1                        ; 1                         ;
; mouse_state.LOAD_COMMAND2     ; 0                         ; 0                        ; 0                             ; 1                         ; 0                        ; 1                         ;
; mouse_state.WAIT_OUTPUT_READY ; 0                         ; 0                        ; 1                             ; 0                         ; 0                        ; 1                         ;
; mouse_state.WAIT_CMD_ACK      ; 0                         ; 1                        ; 0                             ; 0                         ; 0                        ; 1                         ;
; mouse_state.INPUT_PACKETS     ; 1                         ; 0                        ; 0                             ; 0                         ; 0                        ; 1                         ;
+-------------------------------+---------------------------+--------------------------+-------------------------------+---------------------------+--------------------------+---------------------------+


+-----------------------------------------------------------------------------------------------+
; Registers Removed During Synthesis                                                            ;
+-------------------------------------------+---------------------------------------------------+
; Register name                             ; Reason for Removal                                ;
+-------------------------------------------+---------------------------------------------------+
; ball:inst|\Move_Ball:reset_ball           ; Stuck at GND due to stuck port data_in            ;
; ball:inst|VGA_SYNC:SYNC|pixel_column[10]  ; Stuck at GND due to stuck port data_in            ;
; MOUSE:inst5|CHAROUT[4..7]                 ; Stuck at VCC due to stuck port data_in            ;
; MOUSE:inst5|CHAROUT[3]                    ; Stuck at GND due to stuck port data_in            ;
; MOUSE:inst5|CHAROUT[2]                    ; Stuck at VCC due to stuck port data_in            ;
; MOUSE:inst5|CHAROUT[0,1]                  ; Stuck at GND due to stuck port data_in            ;
; MOUSE:inst5|SHIFTOUT[10]                  ; Stuck at VCC due to stuck port data_in            ;
; ball:inst|\Move_Ball:Ball_X_motion[1]     ; Merged with ball:inst|\Move_Ball:Ball_X_motion[0] ;
; ball:inst|\Move_Ball:Ball_X_motion[4..9]  ; Merged with ball:inst|\Move_Ball:Ball_X_motion[3] ;
; ball:inst|\Move_Ball:Ball_Y_motion[1]     ; Merged with ball:inst|\Move_Ball:Ball_Y_motion[0] ;
; ball:inst|\Move_Ball:Ball_Y_motion[4..9]  ; Merged with ball:inst|\Move_Ball:Ball_Y_motion[3] ;
; ball:inst|\Move_Ball:Ball_X_motion[0]     ; Stuck at GND due to stuck port data_in            ;
; ball:inst|\Move_Ball:Ball_Y_motion[0]     ; Stuck at GND due to stuck port data_in            ;
; ball:inst|Ball_X_pos[0,1]                 ; Stuck at GND due to stuck port data_in            ;
; ball:inst|Ball_Y_pos[0,1]                 ; Stuck at GND due to stuck port data_in            ;
; clk_divider:inst4|clk_out_hz_count[31]    ; Stuck at GND due to stuck port data_in            ;
; clk_divider:inst4|clk_out_hz_count[0..30] ; Lost fanout                                       ;
; ball:inst|VGA_SYNC:SYNC|pixel_row[9]      ; Stuck at GND due to stuck port data_in            ;
; ball:inst|\Move_Ball:Ball_Y_motion[2]     ; Stuck at VCC due to stuck port data_in            ;
; ball:inst|\Move_Ball:Ball_X_motion[2]     ; Stuck at VCC due to stuck port data_in            ;
; Total Number of Removed Registers = 66    ;                                                   ;
+-------------------------------------------+---------------------------------------------------+


+------------------------------------------------------------------------------------------------------------------------------------------+
; Removed Registers Triggering Further Register Optimizations                                                                              ;
+---------------------------------+---------------------------+----------------------------------------------------------------------------+
; Register name                   ; Reason for Removal        ; Registers Removed due to This Register                                     ;
+---------------------------------+---------------------------+----------------------------------------------------------------------------+
; ball:inst|\Move_Ball:reset_ball ; Stuck at GND              ; ball:inst|Ball_X_pos[1], ball:inst|Ball_X_pos[0], ball:inst|Ball_Y_pos[0], ;
;                                 ; due to stuck port data_in ; ball:inst|Ball_Y_pos[1]                                                    ;
+---------------------------------+---------------------------+----------------------------------------------------------------------------+


+------------------------------------------------------+
; General Register Statistics                          ;
+----------------------------------------------+-------+
; Statistic                                    ; Value ;
+----------------------------------------------+-------+
; Total registers                              ; 156   ;
; Number of registers using Synchronous Clear  ; 8     ;
; Number of registers using Synchronous Load   ; 10    ;
; Number of registers using Asynchronous Clear ; 16    ;
; Number of registers using Asynchronous Load  ; 0     ;
; Number of registers using Clock Enable       ; 100   ;
; Number of registers using Preset             ; 0     ;
+----------------------------------------------+-------+


+--------------------------------------------------+
; Inverted Register Statistics                     ;
+----------------------------------------+---------+
; Inverted Register                      ; Fan out ;
+----------------------------------------+---------+
; MOUSE:inst5|send_char                  ; 3       ;
; MOUSE:inst5|SHIFTOUT[3]                ; 1       ;
; MOUSE:inst5|SHIFTOUT[5]                ; 1       ;
; MOUSE:inst5|SHIFTOUT[6]                ; 1       ;
; MOUSE:inst5|SHIFTOUT[7]                ; 1       ;
; MOUSE:inst5|SHIFTOUT[8]                ; 1       ;
; Total number of inverted registers = 6 ;         ;
+----------------------------------------+---------+


+-----------------------------------------------------------------------------------------------------------------------------------------------------------+
; Multiplexer Restructuring Statistics (Restructuring Performed)                                                                                            ;
+--------------------+-----------+---------------+----------------------+------------------------+------------+---------------------------------------------+
; Multiplexer Inputs ; Bus Width ; Baseline Area ; Area if Restructured ; Saving if Restructured ; Registered ; Example Multiplexer Output                  ;
+--------------------+-----------+---------------+----------------------+------------------------+------------+---------------------------------------------+
; 3:1                ; 10 bits   ; 20 LEs        ; 10 LEs               ; 10 LEs                 ; Yes        ; |305game|MOUSE:inst5|new_cursor_column[4]   ;
; 3:1                ; 10 bits   ; 20 LEs        ; 10 LEs               ; 10 LEs                 ; Yes        ; |305game|ball:inst|VGA_SYNC:SYNC|v_count[8] ;
; 5:1                ; 10 bits   ; 30 LEs        ; 20 LEs               ; 10 LEs                 ; Yes        ; |305game|MOUSE:inst5|cursor_column[2]       ;
; 3:1                ; 2 bits    ; 4 LEs         ; 4 LEs                ; 0 LEs                  ; No         ; |305game|ball:inst|Ball_X_motion            ;
; 3:1                ; 2 bits    ; 4 LEs         ; 4 LEs                ; 0 LEs                  ; No         ; |305game|ball:inst|Ball_Y_motion            ;
; 4:1                ; 3 bits    ; 6 LEs         ; 6 LEs                ; 0 LEs                  ; No         ; |305game|ball:inst|char_adr[0]              ;
; 5:1                ; 2 bits    ; 6 LEs         ; 4 LEs                ; 2 LEs                  ; No         ; |305game|ball:inst|char_adr[1]              ;
+--------------------+-----------+---------------+----------------------+------------------------+------------+---------------------------------------------+


+---------------------------------------------------------------------------------------------------------------+
; Source assignments for ball:inst|char_rom:CHAR|altsyncram:altsyncram_component|altsyncram_kt91:auto_generated ;
+---------------------------------+--------------------+------+-------------------------------------------------+
; Assignment                      ; Value              ; From ; To                                              ;
+---------------------------------+--------------------+------+-------------------------------------------------+
; OPTIMIZE_POWER_DURING_SYNTHESIS ; NORMAL_COMPILATION ; -    ; -                                               ;
+---------------------------------+--------------------+------+-------------------------------------------------+


+--------------------------------------------------------+
; Parameter Settings for User Entity Instance: ball:inst ;
+----------------+-------+-------------------------------+
; Parameter Name ; Value ; Type                          ;
+----------------+-------+-------------------------------+
; addr_width     ; 12    ; Signed Integer                ;
; data_width     ; 1     ; Signed Integer                ;
+----------------+-------+-------------------------------+
Note: In order to hide this table in the UI and the text report file, please set the "Show Parameter Settings in Synthesis Report" option in "Analysis and Synthesis Settings -> More Settings" to "Off".


+------------------------------------------------------------------------------------------------------+
; Parameter Settings for User Entity Instance: ball:inst|char_rom:CHAR|altsyncram:altsyncram_component ;
+------------------------------------+----------------------+------------------------------------------+
; Parameter Name                     ; Value                ; Type                                     ;
+------------------------------------+----------------------+------------------------------------------+
; BYTE_SIZE_BLOCK                    ; 8                    ; Untyped                                  ;
; AUTO_CARRY_CHAINS                  ; ON                   ; AUTO_CARRY                               ;
; IGNORE_CARRY_BUFFERS               ; OFF                  ; IGNORE_CARRY                             ;
; AUTO_CASCADE_CHAINS                ; ON                   ; AUTO_CASCADE                             ;
; IGNORE_CASCADE_BUFFERS             ; OFF                  ; IGNORE_CASCADE                           ;
; WIDTH_BYTEENA                      ; 1                    ; Untyped                                  ;
; OPERATION_MODE                     ; ROM                  ; Untyped                                  ;
; WIDTH_A                            ; 8                    ; Signed Integer                           ;
; WIDTHAD_A                          ; 9                    ; Signed Integer                           ;
; NUMWORDS_A                         ; 512                  ; Signed Integer                           ;
; OUTDATA_REG_A                      ; UNREGISTERED         ; Untyped                                  ;
; ADDRESS_ACLR_A                     ; NONE                 ; Untyped                                  ;
; OUTDATA_ACLR_A                     ; NONE                 ; Untyped                                  ;
; WRCONTROL_ACLR_A                   ; NONE                 ; Untyped                                  ;
; INDATA_ACLR_A                      ; NONE                 ; Untyped                                  ;
; BYTEENA_ACLR_A                     ; NONE                 ; Untyped                                  ;
; WIDTH_B                            ; 1                    ; Untyped                                  ;
; WIDTHAD_B                          ; 1                    ; Untyped                                  ;
; NUMWORDS_B                         ; 1                    ; Untyped                                  ;
; INDATA_REG_B                       ; CLOCK1               ; Untyped                                  ;
; WRCONTROL_WRADDRESS_REG_B          ; CLOCK1               ; Untyped                                  ;
; RDCONTROL_REG_B                    ; CLOCK1               ; Untyped                                  ;
; ADDRESS_REG_B                      ; CLOCK1               ; Untyped                                  ;
; OUTDATA_REG_B                      ; UNREGISTERED         ; Untyped                                  ;
; BYTEENA_REG_B                      ; CLOCK1               ; Untyped                                  ;
; INDATA_ACLR_B                      ; NONE                 ; Untyped                                  ;
; WRCONTROL_ACLR_B                   ; NONE                 ; Untyped                                  ;
; ADDRESS_ACLR_B                     ; NONE                 ; Untyped                                  ;
; OUTDATA_ACLR_B                     ; NONE                 ; Untyped                                  ;
; RDCONTROL_ACLR_B                   ; NONE                 ; Untyped                                  ;
; BYTEENA_ACLR_B                     ; NONE                 ; Untyped                                  ;
; WIDTH_BYTEENA_A                    ; 1                    ; Signed Integer                           ;
; WIDTH_BYTEENA_B                    ; 1                    ; Untyped                                  ;
; RAM_BLOCK_TYPE                     ; AUTO                 ; Untyped                                  ;
; BYTE_SIZE                          ; 8                    ; Untyped                                  ;
; READ_DURING_WRITE_MODE_MIXED_PORTS ; DONT_CARE            ; Untyped                                  ;
; READ_DURING_WRITE_MODE_PORT_A      ; NEW_DATA_NO_NBE_READ ; Untyped                                  ;
; READ_DURING_WRITE_MODE_PORT_B      ; NEW_DATA_NO_NBE_READ ; Untyped                                  ;
; INIT_FILE                          ; tcgrom.mif           ; Untyped                                  ;
; INIT_FILE_LAYOUT                   ; PORT_A               ; Untyped                                  ;
; MAXIMUM_DEPTH                      ; 0                    ; Untyped                                  ;
; CLOCK_ENABLE_INPUT_A               ; BYPASS               ; Untyped                                  ;
; CLOCK_ENABLE_INPUT_B               ; NORMAL               ; Untyped                                  ;
; CLOCK_ENABLE_OUTPUT_A              ; BYPASS               ; Untyped                                  ;
; CLOCK_ENABLE_OUTPUT_B              ; NORMAL               ; Untyped                                  ;
; CLOCK_ENABLE_CORE_A                ; USE_INPUT_CLKEN      ; Untyped                                  ;
; CLOCK_ENABLE_CORE_B                ; USE_INPUT_CLKEN      ; Untyped                                  ;
; ENABLE_ECC                         ; FALSE                ; Untyped                                  ;
; ECC_PIPELINE_STAGE_ENABLED         ; FALSE                ; Untyped                                  ;
; WIDTH_ECCSTATUS                    ; 3                    ; Untyped                                  ;
; DEVICE_FAMILY                      ; Cyclone III          ; Untyped                                  ;
; CBXI_PARAMETER                     ; altsyncram_kt91      ; Untyped                                  ;
+------------------------------------+----------------------+------------------------------------------+
Note: In order to hide this table in the UI and the text report file, please set the "Show Parameter Settings in Synthesis Report" option in "Analysis and Synthesis Settings -> More Settings" to "Off".


+----------------------------------------------------------------+
; Parameter Settings for User Entity Instance: clk_divider:inst4 ;
+----------------+-------+---------------------------------------+
; Parameter Name ; Value ; Type                                  ;
+----------------+-------+---------------------------------------+
; max            ; 0     ; Signed Integer                        ;
+----------------+-------+---------------------------------------+
Note: In order to hide this table in the UI and the text report file, please set the "Show Parameter Settings in Synthesis Report" option in "Analysis and Synthesis Settings -> More Settings" to "Off".


+-----------------------------------------------------------------------------------------------------+
; altsyncram Parameter Settings by Entity Instance                                                    ;
+-------------------------------------------+---------------------------------------------------------+
; Name                                      ; Value                                                   ;
+-------------------------------------------+---------------------------------------------------------+
; Number of entity instances                ; 1                                                       ;
; Entity Instance                           ; ball:inst|char_rom:CHAR|altsyncram:altsyncram_component ;
;     -- OPERATION_MODE                     ; ROM                                                     ;
;     -- WIDTH_A                            ; 8                                                       ;
;     -- NUMWORDS_A                         ; 512                                                     ;
;     -- OUTDATA_REG_A                      ; UNREGISTERED                                            ;
;     -- WIDTH_B                            ; 1                                                       ;
;     -- NUMWORDS_B                         ; 1                                                       ;
;     -- ADDRESS_REG_B                      ; CLOCK1                                                  ;
;     -- OUTDATA_REG_B                      ; UNREGISTERED                                            ;
;     -- RAM_BLOCK_TYPE                     ; AUTO                                                    ;
;     -- READ_DURING_WRITE_MODE_MIXED_PORTS ; DONT_CARE                                               ;
+-------------------------------------------+---------------------------------------------------------+


+-------------------------------------------------------+
; Port Connectivity Checks: "ball:inst|platform:P_form" ;
+-------+-------+----------+----------------------------+
; Port  ; Type  ; Severity ; Details                    ;
+-------+-------+----------+----------------------------+
; x[10] ; Input ; Info     ; Stuck at GND               ;
+-------+-------+----------+----------------------------+


+-------------------------------+
; Elapsed Time Per Partition    ;
+----------------+--------------+
; Partition Name ; Elapsed Time ;
+----------------+--------------+
; Top            ; 00:00:01     ;
+----------------+--------------+


+-------------------------------+
; Analysis & Synthesis Messages ;
+-------------------------------+
Info: *******************************************************************
Info: Running Quartus II 64-Bit Analysis & Synthesis
    Info: Version 13.0.0 Build 156 04/24/2013 SJ Full Version
    Info: Processing started: Mon May 07 16:25:46 2018
Info: Command: quartus_map --read_settings_files=on --write_settings_files=off 305game -c 305game
Info (20030): Parallel compilation is enabled and will use 4 of the 4 processors detected
Info (12021): Found 2 design units, including 1 entities, in source file mouse.vhd
    Info (12022): Found design unit 1: MOUSE-behavior
    Info (12023): Found entity 1: MOUSE
Info (12021): Found 2 design units, including 1 entities, in source file vga_sync.vhd
    Info (12022): Found design unit 1: VGA_SYNC-a
    Info (12023): Found entity 1: VGA_SYNC
Info (12021): Found 2 design units, including 1 entities, in source file seven_seg.vhd
    Info (12022): Found design unit 1: seven_seg-beh
    Info (12023): Found entity 1: seven_seg
Info (12021): Found 1 design units, including 1 entities, in source file 305game.bdf
    Info (12023): Found entity 1: 305game
Info (12021): Found 2 design units, including 1 entities, in source file clk_divider.vhd
    Info (12022): Found design unit 1: clk_divider-behaviour
    Info (12023): Found entity 1: clk_divider
Info (12021): Found 2 design units, including 1 entities, in source file char_rom.vhd
    Info (12022): Found design unit 1: char_rom-SYN
    Info (12023): Found entity 1: char_rom
Info (12021): Found 3 design units, including 1 entities, in source file ball.vhd
    Info (12022): Found design unit 1: de0core
    Info (12022): Found design unit 2: ball-behavior
    Info (12023): Found entity 1: ball
Info (12021): Found 2 design units, including 1 entities, in source file platform.vhd
    Info (12022): Found design unit 1: platform-behavior
    Info (12023): Found entity 1: platform
Info (12021): Found 2 design units, including 1 entities, in source file seven_seg_splitter.vhd
    Info (12022): Found design unit 1: seven_seg_splitter-beh
    Info (12023): Found entity 1: seven_seg_splitter
Info (12127): Elaborating entity "305game" for the top level hierarchy
Info (12128): Elaborating entity "ball" for hierarchy "ball:inst"
Warning (10492): VHDL Process Statement warning at ball.vhd(156): signal "Ball_on" is read inside the Process Statement but isn't in the Process Statement's sensitivity list
Warning (10492): VHDL Process Statement warning at ball.vhd(162): signal "Ball_on" is read inside the Process Statement but isn't in the Process Statement's sensitivity list
Warning (10492): VHDL Process Statement warning at ball.vhd(172): signal "Platform_Y" is read inside the Process Statement but isn't in the Process Statement's sensitivity list
Warning (10492): VHDL Process Statement warning at ball.vhd(172): signal "Platform_Height" is read inside the Process Statement but isn't in the Process Statement's sensitivity list
Warning (10492): VHDL Process Statement warning at ball.vhd(173): signal "Platform_X" is read inside the Process Statement but isn't in the Process Statement's sensitivity list
Warning (10492): VHDL Process Statement warning at ball.vhd(173): signal "Platform_Width" is read inside the Process Statement but isn't in the Process Statement's sensitivity list
Info (12128): Elaborating entity "VGA_SYNC" for hierarchy "ball:inst|VGA_SYNC:SYNC"
Info (12128): Elaborating entity "char_rom" for hierarchy "ball:inst|char_rom:CHAR"
Info (12128): Elaborating entity "altsyncram" for hierarchy "ball:inst|char_rom:CHAR|altsyncram:altsyncram_component"
Info (12130): Elaborated megafunction instantiation "ball:inst|char_rom:CHAR|altsyncram:altsyncram_component"
Info (12133): Instantiated megafunction "ball:inst|char_rom:CHAR|altsyncram:altsyncram_component" with the following parameter:
    Info (12134): Parameter "address_aclr_a" = "NONE"
    Info (12134): Parameter "clock_enable_input_a" = "BYPASS"
    Info (12134): Parameter "clock_enable_output_a" = "BYPASS"
    Info (12134): Parameter "init_file" = "tcgrom.mif"
    Info (12134): Parameter "intended_device_family" = "Cyclone III"
    Info (12134): Parameter "lpm_hint" = "ENABLE_RUNTIME_MOD=NO"
    Info (12134): Parameter "lpm_type" = "altsyncram"
    Info (12134): Parameter "numwords_a" = "512"
    Info (12134): Parameter "operation_mode" = "ROM"
    Info (12134): Parameter "outdata_aclr_a" = "NONE"
    Info (12134): Parameter "outdata_reg_a" = "UNREGISTERED"
    Info (12134): Parameter "widthad_a" = "9"
    Info (12134): Parameter "width_a" = "8"
    Info (12134): Parameter "width_byteena_a" = "1"
Info (12021): Found 1 design units, including 1 entities, in source file db/altsyncram_kt91.tdf
    Info (12023): Found entity 1: altsyncram_kt91
Info (12128): Elaborating entity "altsyncram_kt91" for hierarchy "ball:inst|char_rom:CHAR|altsyncram:altsyncram_component|altsyncram_kt91:auto_generated"
Info (12128): Elaborating entity "platform" for hierarchy "ball:inst|platform:P_form"
Info (12128): Elaborating entity "clk_divider" for hierarchy "clk_divider:inst4"
Info (12128): Elaborating entity "MOUSE" for hierarchy "MOUSE:inst5"
Warning (10036): Verilog HDL or VHDL warning at mouse.VHD(25): object "CHARIN" assigned a value but never read
Warning (10492): VHDL Process Statement warning at mouse.VHD(151): signal "CHAROUT" is read inside the Process Statement but isn't in the Process Statement's sensitivity list
Warning (10492): VHDL Process Statement warning at mouse.VHD(155): signal "CHAROUT" is read inside the Process Statement but isn't in the Process Statement's sensitivity list
Warning (10492): VHDL Process Statement warning at mouse.VHD(156): signal "CHAROUT" is read inside the Process Statement but isn't in the Process Statement's sensitivity list
Warning (10492): VHDL Process Statement warning at mouse.VHD(157): signal "CHAROUT" is read inside the Process Statement but isn't in the Process Statement's sensitivity list
Info (12128): Elaborating entity "seven_seg" for hierarchy "seven_seg:inst3"
Info (12128): Elaborating entity "seven_seg_splitter" for hierarchy "seven_seg_splitter:inst1"
Info (13000): Registers with preset signals will power-up high
Info (13003): DEV_CLRn pin will set, and not reset, register with preset signal due to NOT Gate Push-Back
Info (286030): Timing-Driven Synthesis is running
Info (17049): 31 registers lost all their fanouts during netlist optimizations.
Info (16010): Generating hard_block partition "hard_block:auto_generated_inst"
    Info (16011): Adding 0 node(s), including 0 DDIO, 0 PLL, 0 transceiver and 0 LCELL
Warning (21074): Design contains 1 input pin(s) that do not drive logic
    Warning (15610): No output dependent on input pin "bt1"
Info (21057): Implemented 430 device resources after synthesis - the final resource count might be different
    Info (21058): Implemented 4 input pins
    Info (21059): Implemented 19 output pins
    Info (21060): Implemented 2 bidirectional pins
    Info (21061): Implemented 397 logic cells
    Info (21064): Implemented 8 RAM segments
Info: Quartus II 64-Bit Analysis & Synthesis was successful. 0 errors, 13 warnings
    Info: Peak virtual memory: 597 megabytes
    Info: Processing ended: Mon May 07 16:25:49 2018
    Info: Elapsed time: 00:00:03
    Info: Total CPU time (on all processors): 00:00:03


